<!DOCTYPE html>
<html>
<head>
    <title>Unittest Results</title>
    <meta charset="utf-8">
    <meta name="viewport" content="width=device-width, initial-scale=1.0">
    <link rel="stylesheet" href="https://maxcdn.bootstrapcdn.com/bootstrap/3.3.6/css/bootstrap.min.css" integrity="sha384-1q8mTJOASx8j1Au+a5WDVnPi2lkFfwwEAa8hDDdjZlpLegxhjVME1fgjWPGmkzs7" crossorigin="anonymous">
</head>
<body>
    <div class="container">
        <div class="row">
            <div class="col-xs-12">
                <h2 class="text-capitalize">Unittest Results</h2>
                <p class='attribute'><strong>Start Time: </strong>2020-12-30 21:14:10</p>
                <p class='attribute'><strong>Duration: </strong>0 ms</p>
                <p class='attribute'><strong>Summary: </strong>Total: 5, Pass: 0, Error: 5</p>
            </div>
        </div>
        <div class="row">
            <div class="col-xs-12 col-sm-10 col-md-10">
                <table class='table table-hover table-responsive'>
                    <thead>
                        <tr>
                            <th>unittest.loader._FailedTest</th>
                            <th>Status</th>
                            <th></th>
                        </tr>
                    </thead>
                    <tbody>
                        <tr class='warning'>
                            <td class="col-xs-10">ArticleSearch_test</td>
                            <td class="col-xs-1">
                                <span class="label label-warning" style="display:block;width:40px;">Error</span>
                            </td>
                            <td class="col-xs-1">
                                <button class="btn btn-default btn-xs">View</button>
                            </td>
                        </tr>
                        <tr style="display:none;">
                            <td class="col-xs-9" colspan="3"><p style="color:maroon;">ImportError: Failed to import test module: ArticleSearch_test
Traceback (most recent call last):
  File "/home/se_gp7/PKUReader_backend_test/langconv.py", line 14, in <module>
    from zh_wiki import zh2Hant, zh2Hans
ModuleNotFoundError: No module named 'zh_wiki'

During handling of the above exception, another exception occurred:

Traceback (most recent call last):
  File "/usr/lib/python3.6/unittest/loader.py", line 428, in _find_test_path
    module = self._get_module_from_name(name)
  File "/usr/lib/python3.6/unittest/loader.py", line 369, in _get_module_from_name
    __import__(name)
  File "/home/se_gp7/PKUReader_backend_test/module-test/ArticleSearch_test.py", line 2, in <module>
    from app import app,db
  File "/home/se_gp7/PKUReader_backend_test/app/__init__.py", line 39, in <module>
    from app import routes
  File "/home/se_gp7/PKUReader_backend_test/app/routes.py", line 5, in <module>
    from app.Content import Content
  File "/home/se_gp7/PKUReader_backend_test/app/Content/__init__.py", line 5, in <module>
    from app.Content import routes
  File "/home/se_gp7/PKUReader_backend_test/app/Content/routes.py", line 7, in <module>
    from langconv import *
  File "/home/se_gp7/PKUReader_backend_test/langconv.py", line 16, in <module>
    from zhtools.zh_wiki import zh2Hant, zh2Hans
ModuleNotFoundError: No module named 'zhtools'
</p><p style="color:maroon;">ImportError: Failed to import test module: ArticleSearch_test
Traceback (most recent call last):
  File "/home/se_gp7/PKUReader_backend_test/langconv.py", line 14, in <module>
    from zh_wiki import zh2Hant, zh2Hans
ModuleNotFoundError: No module named 'zh_wiki'

During handling of the above exception, another exception occurred:

Traceback (most recent call last):
  File "/usr/lib/python3.6/unittest/loader.py", line 428, in _find_test_path
    module = self._get_module_from_name(name)
  File "/usr/lib/python3.6/unittest/loader.py", line 369, in _get_module_from_name
    __import__(name)
  File "/home/se_gp7/PKUReader_backend_test/module-test/ArticleSearch_test.py", line 2, in <module>
    from app import app,db
  File "/home/se_gp7/PKUReader_backend_test/app/__init__.py", line 39, in <module>
    from app import routes
  File "/home/se_gp7/PKUReader_backend_test/app/routes.py", line 5, in <module>
    from app.Content import Content
  File "/home/se_gp7/PKUReader_backend_test/app/Content/__init__.py", line 5, in <module>
    from app.Content import routes
  File "/home/se_gp7/PKUReader_backend_test/app/Content/routes.py", line 7, in <module>
    from langconv import *
  File "/home/se_gp7/PKUReader_backend_test/langconv.py", line 16, in <module>
    from zhtools.zh_wiki import zh2Hant, zh2Hans
ModuleNotFoundError: No module named 'zhtools'

</p>
                            </td>
                        </tr>
                        <tr class='warning'>
                            <td class="col-xs-10">Content_test</td>
                            <td class="col-xs-1">
                                <span class="label label-warning" style="display:block;width:40px;">Error</span>
                            </td>
                            <td class="col-xs-1">
                                <button class="btn btn-default btn-xs">View</button>
                            </td>
                        </tr>
                        <tr style="display:none;">
                            <td class="col-xs-9" colspan="3"><p style="color:maroon;">ImportError: Failed to import test module: Content_test
Traceback (most recent call last):
  File "/home/se_gp7/PKUReader_backend_test/langconv.py", line 14, in <module>
    from zh_wiki import zh2Hant, zh2Hans
ModuleNotFoundError: No module named 'zh_wiki'

During handling of the above exception, another exception occurred:

Traceback (most recent call last):
  File "/usr/lib/python3.6/unittest/loader.py", line 428, in _find_test_path
    module = self._get_module_from_name(name)
  File "/usr/lib/python3.6/unittest/loader.py", line 369, in _get_module_from_name
    __import__(name)
  File "/home/se_gp7/PKUReader_backend_test/module-test/Content_test.py", line 2, in <module>
    from app import app, db
  File "/home/se_gp7/PKUReader_backend_test/app/__init__.py", line 39, in <module>
    from app import routes
  File "/home/se_gp7/PKUReader_backend_test/app/routes.py", line 5, in <module>
    from app.Content import Content
  File "/home/se_gp7/PKUReader_backend_test/app/Content/__init__.py", line 5, in <module>
    from app.Content import routes
  File "/home/se_gp7/PKUReader_backend_test/app/Content/routes.py", line 7, in <module>
    from langconv import *
  File "/home/se_gp7/PKUReader_backend_test/langconv.py", line 16, in <module>
    from zhtools.zh_wiki import zh2Hant, zh2Hans
ModuleNotFoundError: No module named 'zhtools'
</p><p style="color:maroon;">ImportError: Failed to import test module: Content_test
Traceback (most recent call last):
  File "/home/se_gp7/PKUReader_backend_test/langconv.py", line 14, in <module>
    from zh_wiki import zh2Hant, zh2Hans
ModuleNotFoundError: No module named 'zh_wiki'

During handling of the above exception, another exception occurred:

Traceback (most recent call last):
  File "/usr/lib/python3.6/unittest/loader.py", line 428, in _find_test_path
    module = self._get_module_from_name(name)
  File "/usr/lib/python3.6/unittest/loader.py", line 369, in _get_module_from_name
    __import__(name)
  File "/home/se_gp7/PKUReader_backend_test/module-test/Content_test.py", line 2, in <module>
    from app import app, db
  File "/home/se_gp7/PKUReader_backend_test/app/__init__.py", line 39, in <module>
    from app import routes
  File "/home/se_gp7/PKUReader_backend_test/app/routes.py", line 5, in <module>
    from app.Content import Content
  File "/home/se_gp7/PKUReader_backend_test/app/Content/__init__.py", line 5, in <module>
    from app.Content import routes
  File "/home/se_gp7/PKUReader_backend_test/app/Content/routes.py", line 7, in <module>
    from langconv import *
  File "/home/se_gp7/PKUReader_backend_test/langconv.py", line 16, in <module>
    from zhtools.zh_wiki import zh2Hant, zh2Hans
ModuleNotFoundError: No module named 'zhtools'

</p>
                            </td>
                        </tr>
                        <tr class='warning'>
                            <td class="col-xs-10">RSSDB_test</td>
                            <td class="col-xs-1">
                                <span class="label label-warning" style="display:block;width:40px;">Error</span>
                            </td>
                            <td class="col-xs-1">
                                <button class="btn btn-default btn-xs">View</button>
                            </td>
                        </tr>
                        <tr style="display:none;">
                            <td class="col-xs-9" colspan="3"><p style="color:maroon;">ImportError: Failed to import test module: RSSDB_test
Traceback (most recent call last):
  File "/home/se_gp7/PKUReader_backend_test/langconv.py", line 14, in <module>
    from zh_wiki import zh2Hant, zh2Hans
ModuleNotFoundError: No module named 'zh_wiki'

During handling of the above exception, another exception occurred:

Traceback (most recent call last):
  File "/usr/lib/python3.6/unittest/loader.py", line 428, in _find_test_path
    module = self._get_module_from_name(name)
  File "/usr/lib/python3.6/unittest/loader.py", line 369, in _get_module_from_name
    __import__(name)
  File "/home/se_gp7/PKUReader_backend_test/module-test/RSSDB_test.py", line 2, in <module>
    from app import app, db
  File "/home/se_gp7/PKUReader_backend_test/app/__init__.py", line 39, in <module>
    from app import routes
  File "/home/se_gp7/PKUReader_backend_test/app/routes.py", line 5, in <module>
    from app.Content import Content
  File "/home/se_gp7/PKUReader_backend_test/app/Content/__init__.py", line 5, in <module>
    from app.Content import routes
  File "/home/se_gp7/PKUReader_backend_test/app/Content/routes.py", line 7, in <module>
    from langconv import *
  File "/home/se_gp7/PKUReader_backend_test/langconv.py", line 16, in <module>
    from zhtools.zh_wiki import zh2Hant, zh2Hans
ModuleNotFoundError: No module named 'zhtools'
</p><p style="color:maroon;">ImportError: Failed to import test module: RSSDB_test
Traceback (most recent call last):
  File "/home/se_gp7/PKUReader_backend_test/langconv.py", line 14, in <module>
    from zh_wiki import zh2Hant, zh2Hans
ModuleNotFoundError: No module named 'zh_wiki'

During handling of the above exception, another exception occurred:

Traceback (most recent call last):
  File "/usr/lib/python3.6/unittest/loader.py", line 428, in _find_test_path
    module = self._get_module_from_name(name)
  File "/usr/lib/python3.6/unittest/loader.py", line 369, in _get_module_from_name
    __import__(name)
  File "/home/se_gp7/PKUReader_backend_test/module-test/RSSDB_test.py", line 2, in <module>
    from app import app, db
  File "/home/se_gp7/PKUReader_backend_test/app/__init__.py", line 39, in <module>
    from app import routes
  File "/home/se_gp7/PKUReader_backend_test/app/routes.py", line 5, in <module>
    from app.Content import Content
  File "/home/se_gp7/PKUReader_backend_test/app/Content/__init__.py", line 5, in <module>
    from app.Content import routes
  File "/home/se_gp7/PKUReader_backend_test/app/Content/routes.py", line 7, in <module>
    from langconv import *
  File "/home/se_gp7/PKUReader_backend_test/langconv.py", line 16, in <module>
    from zhtools.zh_wiki import zh2Hant, zh2Hans
ModuleNotFoundError: No module named 'zhtools'

</p>
                            </td>
                        </tr>
                        <tr class='warning'>
                            <td class="col-xs-10">UserManagement_test</td>
                            <td class="col-xs-1">
                                <span class="label label-warning" style="display:block;width:40px;">Error</span>
                            </td>
                            <td class="col-xs-1">
                                <button class="btn btn-default btn-xs">View</button>
                            </td>
                        </tr>
                        <tr style="display:none;">
                            <td class="col-xs-9" colspan="3"><p style="color:maroon;">ImportError: Failed to import test module: UserManagement_test
Traceback (most recent call last):
  File "/home/se_gp7/PKUReader_backend_test/langconv.py", line 14, in <module>
    from zh_wiki import zh2Hant, zh2Hans
ModuleNotFoundError: No module named 'zh_wiki'

During handling of the above exception, another exception occurred:

Traceback (most recent call last):
  File "/usr/lib/python3.6/unittest/loader.py", line 428, in _find_test_path
    module = self._get_module_from_name(name)
  File "/usr/lib/python3.6/unittest/loader.py", line 369, in _get_module_from_name
    __import__(name)
  File "/home/se_gp7/PKUReader_backend_test/module-test/UserManagement_test.py", line 2, in <module>
    from app import app, db
  File "/home/se_gp7/PKUReader_backend_test/app/__init__.py", line 39, in <module>
    from app import routes
  File "/home/se_gp7/PKUReader_backend_test/app/routes.py", line 5, in <module>
    from app.Content import Content
  File "/home/se_gp7/PKUReader_backend_test/app/Content/__init__.py", line 5, in <module>
    from app.Content import routes
  File "/home/se_gp7/PKUReader_backend_test/app/Content/routes.py", line 7, in <module>
    from langconv import *
  File "/home/se_gp7/PKUReader_backend_test/langconv.py", line 16, in <module>
    from zhtools.zh_wiki import zh2Hant, zh2Hans
ModuleNotFoundError: No module named 'zhtools'
</p><p style="color:maroon;">ImportError: Failed to import test module: UserManagement_test
Traceback (most recent call last):
  File "/home/se_gp7/PKUReader_backend_test/langconv.py", line 14, in <module>
    from zh_wiki import zh2Hant, zh2Hans
ModuleNotFoundError: No module named 'zh_wiki'

During handling of the above exception, another exception occurred:

Traceback (most recent call last):
  File "/usr/lib/python3.6/unittest/loader.py", line 428, in _find_test_path
    module = self._get_module_from_name(name)
  File "/usr/lib/python3.6/unittest/loader.py", line 369, in _get_module_from_name
    __import__(name)
  File "/home/se_gp7/PKUReader_backend_test/module-test/UserManagement_test.py", line 2, in <module>
    from app import app, db
  File "/home/se_gp7/PKUReader_backend_test/app/__init__.py", line 39, in <module>
    from app import routes
  File "/home/se_gp7/PKUReader_backend_test/app/routes.py", line 5, in <module>
    from app.Content import Content
  File "/home/se_gp7/PKUReader_backend_test/app/Content/__init__.py", line 5, in <module>
    from app.Content import routes
  File "/home/se_gp7/PKUReader_backend_test/app/Content/routes.py", line 7, in <module>
    from langconv import *
  File "/home/se_gp7/PKUReader_backend_test/langconv.py", line 16, in <module>
    from zhtools.zh_wiki import zh2Hant, zh2Hans
ModuleNotFoundError: No module named 'zhtools'

</p>
                            </td>
                        </tr>
                        <tr class='warning'>
                            <td class="col-xs-10">userFavor_test</td>
                            <td class="col-xs-1">
                                <span class="label label-warning" style="display:block;width:40px;">Error</span>
                            </td>
                            <td class="col-xs-1">
                                <button class="btn btn-default btn-xs">View</button>
                            </td>
                        </tr>
                        <tr style="display:none;">
                            <td class="col-xs-9" colspan="3"><p style="color:maroon;">ImportError: Failed to import test module: userFavor_test
Traceback (most recent call last):
  File "/home/se_gp7/PKUReader_backend_test/langconv.py", line 14, in <module>
    from zh_wiki import zh2Hant, zh2Hans
ModuleNotFoundError: No module named 'zh_wiki'

During handling of the above exception, another exception occurred:

Traceback (most recent call last):
  File "/usr/lib/python3.6/unittest/loader.py", line 428, in _find_test_path
    module = self._get_module_from_name(name)
  File "/usr/lib/python3.6/unittest/loader.py", line 369, in _get_module_from_name
    __import__(name)
  File "/home/se_gp7/PKUReader_backend_test/module-test/userFavor_test.py", line 5, in <module>
    from app import app, db
  File "/home/se_gp7/PKUReader_backend_test/app/__init__.py", line 39, in <module>
    from app import routes
  File "/home/se_gp7/PKUReader_backend_test/app/routes.py", line 5, in <module>
    from app.Content import Content
  File "/home/se_gp7/PKUReader_backend_test/app/Content/__init__.py", line 5, in <module>
    from app.Content import routes
  File "/home/se_gp7/PKUReader_backend_test/app/Content/routes.py", line 7, in <module>
    from langconv import *
  File "/home/se_gp7/PKUReader_backend_test/langconv.py", line 16, in <module>
    from zhtools.zh_wiki import zh2Hant, zh2Hans
ModuleNotFoundError: No module named 'zhtools'
</p><p style="color:maroon;">ImportError: Failed to import test module: userFavor_test
Traceback (most recent call last):
  File "/home/se_gp7/PKUReader_backend_test/langconv.py", line 14, in <module>
    from zh_wiki import zh2Hant, zh2Hans
ModuleNotFoundError: No module named 'zh_wiki'

During handling of the above exception, another exception occurred:

Traceback (most recent call last):
  File "/usr/lib/python3.6/unittest/loader.py", line 428, in _find_test_path
    module = self._get_module_from_name(name)
  File "/usr/lib/python3.6/unittest/loader.py", line 369, in _get_module_from_name
    __import__(name)
  File "/home/se_gp7/PKUReader_backend_test/module-test/userFavor_test.py", line 5, in <module>
    from app import app, db
  File "/home/se_gp7/PKUReader_backend_test/app/__init__.py", line 39, in <module>
    from app import routes
  File "/home/se_gp7/PKUReader_backend_test/app/routes.py", line 5, in <module>
    from app.Content import Content
  File "/home/se_gp7/PKUReader_backend_test/app/Content/__init__.py", line 5, in <module>
    from app.Content import routes
  File "/home/se_gp7/PKUReader_backend_test/app/Content/routes.py", line 7, in <module>
    from langconv import *
  File "/home/se_gp7/PKUReader_backend_test/langconv.py", line 16, in <module>
    from zhtools.zh_wiki import zh2Hant, zh2Hans
ModuleNotFoundError: No module named 'zhtools'

</p>
                            </td>
                        </tr>
                        <tr>
                            <td colspan="3">
                                Total: 5, Pass: 0, Error: 5 -- Duration: 0 ms
                            </td>
                        </tr>
                    </tbody>
                </table>
            </div>
        </div>
    </div>
    <script src="https://ajax.googleapis.com/ajax/libs/jquery/2.2.4/jquery.min.js"></script>
    <script type="text/javascript">
        $(document).ready(function(){
            $('td').on('click', '.btn', function(e){
                e.preventDefault();
                e.stopImmediatePropagation();
                var $this = $(this);
                var $nextRow = $this.closest('tr').next('tr');
                $nextRow.slideToggle("fast");
                $this.text(function(i, text){
                    if (text === 'View') {
                        return 'Hide';
                    } else {
                        return 'View';
                    };
                });
            });
        });
    </script>
</body>
</html